2024-04-05 11:35:12 INFO     Python function ran at 2024-04-05 11:35:12.220563+08:00
2024-04-05 11:35:12 INFO     2024-Q1
2024-04-05 11:35:18 INFO     done
2024-04-05 11:35:18 INFO     Python function end at 2024-04-05 11:35:12.220563+08:00
2024-04-05 11:36:52 INFO     Python function ran at 2024-04-05 11:36:52.806159+08:00
2024-04-05 11:36:52 INFO     2023-Q4
2024-04-05 11:37:08 INFO     done
2024-04-05 11:37:08 INFO     Python function end at 2024-04-05 11:36:52.806159+08:00
2024-04-05 11:38:31 INFO     Python function ran at 2024-04-05 11:38:31.063243+08:00
2024-04-05 11:38:31 INFO     2024-Q1
2024-04-05 11:38:35 INFO     done
2024-04-05 11:38:35 INFO     Python function end at 2024-04-05 11:38:31.063243+08:00
2024-07-19 09:30:34 INFO     Python function ran at 2024-07-19 09:30:34.183883+08:00
2024-07-19 09:30:34 INFO     2024-Q2
2024-07-19 09:34:51 INFO     Python function ran at 2024-07-19 09:34:51.584080+08:00
2024-07-19 09:34:51 INFO     2024-Q2
2024-07-19 09:35:51 INFO     Python function ran at 2024-07-19 09:35:51.054722+08:00
2024-07-19 09:35:51 INFO     2024-Q2
2024-07-19 09:36:05 INFO     done
2024-07-19 09:36:05 INFO     Python function end at 2024-07-19 09:35:51.054722+08:00
2024-07-19 09:40:33 INFO     Python function ran at 2024-07-19 09:40:33.986674+08:00
2024-07-19 09:40:34 INFO     2024-Q2
2024-07-19 09:40:44 INFO     done
2024-07-19 09:40:44 INFO     Python function end at 2024-07-19 09:40:33.986674+08:00
2024-08-06 16:31:18 INFO     Python function ran at 2024-08-06 16:31:18.017243+08:00
2024-08-06 16:31:18 INFO     2024-Q2
2024-08-06 16:31:34 INFO     done
2024-08-06 16:31:34 INFO     Python function end at 2024-08-06 16:31:18.017243+08:00
2024-08-07 09:33:45 INFO     Python function ran at 2024-08-07 09:33:45.650029+08:00
2024-08-07 09:33:45 INFO     2024-Q2
2024-08-07 09:33:58 INFO     done
2024-08-07 09:33:58 INFO     Python function end at 2024-08-07 09:33:45.650029+08:00
2024-08-07 17:23:51 INFO     Python function ran at 2024-08-07 17:23:51.234248+08:00
2024-08-07 17:23:51 INFO     2024-Q2
2024-08-07 17:24:05 INFO     done
2024-08-07 17:24:05 INFO     Python function end at 2024-08-07 17:23:51.234248+08:00
2024-08-07 17:35:20 INFO     Python function ran at 2024-08-07 17:35:20.991720+08:00
2024-08-07 17:35:20 INFO     2024-Q2
2024-08-07 17:35:44 INFO     Python function ran at 2024-08-07 17:35:44.945221+08:00
2024-08-07 17:35:44 INFO     2024-Q2
2024-08-07 17:35:59 INFO     done
2024-08-07 17:35:59 INFO     Python function end at 2024-08-07 17:35:44.945221+08:00
2024-08-07 17:41:02 INFO     Python function ran at 2024-08-07 17:41:02.435365+08:00
2024-08-07 17:41:02 INFO     2024-Q2
2024-08-07 17:41:14 INFO     done
2024-08-07 17:41:14 INFO     Python function end at 2024-08-07 17:41:02.435365+08:00
2024-08-07 17:41:58 INFO     Python function ran at 2024-08-07 17:41:58.123497+08:00
2024-08-07 17:41:58 INFO     2024-Q2
2024-08-07 17:42:11 INFO     {'cacheKey': '133674973252400609', 'cacheExpiration': '2024-08-07T10:42:05.2400585+00:00', 'importPreventionErrors': []}
2024-08-07 17:42:11 INFO     done
2024-08-07 17:42:11 INFO     Python function end at 2024-08-07 17:41:58.123497+08:00
2024-08-16 10:15:22 INFO     Python function ran at 2024-08-16 10:15:22.235575+08:00
2024-08-16 10:15:22 INFO     2024-Q2
2024-08-16 10:16:05 INFO     {'cacheKey': '133682481488878348', 'cacheExpiration': '2024-08-16T03:15:48.8877945+00:00', 'importPreventionErrors': []}
2024-08-16 10:16:05 INFO     done
2024-08-16 10:16:05 INFO     Python function end at 2024-08-16 10:15:22.235575+08:00
